<?xml version="1.0" encoding="UTF-8"?>
<!-- Generated by org.testng.reporters.JUnitXMLReporter -->
<testsuite hostname="LAPTOP-OCH8DF6O" ignored="0" name="Customer expert" tests="3" failures="0" timestamp="2021-12-06T20:52:37 IST" time="0.048" errors="0">
  <testcase name="@BeforeClass setUp" time="-1.638804157442E9" classname="com.qa.testscript.TestBase">
    <failure type="org.testng.TestNGException" message="
Parameter &amp;apos;Browser&amp;apos; is required by BeforeClass on method setUp but has not been marked @Optional or defined
in D:\dharma\selenium software\New folder\ECLIPSE WORKPATH2020-06\FlipKart\testng.xml">
      <![CDATA[org.testng.TestNGException: 
Parameter 'Browser' is required by BeforeClass on method setUp but has not been marked @Optional or defined
in D:\dharma\selenium software\New folder\ECLIPSE WORKPATH2020-06\FlipKart\testng.xml
at java.util.ArrayList.forEach(Unknown Source)
... Removed 22 stack frames]]>
    </failure>
  </testcase> <!-- @BeforeClass setUp -->
  <testcase name="@AfterClass tearDown" time="-1.638804157482E9" classname="com.qa.testscript.TestBase">
    <skipped/>
  </testcase> <!-- @AfterClass tearDown -->
  <testcase name="customerexpert" time="0.0" classname="com.qa.testscript.Contactcustomerexpert">
    <skipped/>
  </testcase> <!-- customerexpert -->
  <testcase name="customerexpert" time="0.0" classname="com.qa.testscript.Contactcustomerexpert">
    <skipped/>
  </testcase> <!-- customerexpert -->
  <testcase name="loginTo" time="0.0" classname="com.qa.testscript.TC_Login_001">
    <skipped/>
  </testcase> <!-- loginTo -->
</testsuite> <!-- Customer expert -->
