<?xml version="1.0" encoding="UTF-8"?>
<!-- Generated by org.testng.reporters.JUnitXMLReporter -->
<testsuite hostname="LAPTOP-OCH8DF6O" ignored="0" name="Test" tests="2" failures="2" timestamp="2021-12-24T13:12:57 IST" time="340.01" errors="0">
  <testcase name="FlipkartSearch" time="92.428" classname="com.qa.testscript.TC_FlipkartApplnSearch_003">
    <failure type="org.openqa.selenium.StaleElementReferenceException" message="stale element reference: element is not attached to the page document
  (Session info: chrome=96.0.4664.110)
For documentation on this error, please visit: https://selenium.dev/exceptions/#stale_element_reference
Build info: version: &amp;apos;4.0.0&amp;apos;, revision: &amp;apos;3a21814679&amp;apos;
System info: host: &amp;apos;LAPTOP-OCH8DF6O&amp;apos;, ip: &amp;apos;192.168.43.236&amp;apos;, os.name: &amp;apos;Windows 10&amp;apos;, os.arch: &amp;apos;amd64&amp;apos;, os.version: &amp;apos;10.0&amp;apos;, java.version: &amp;apos;1.8.0_311&amp;apos;
Driver info: org.openqa.selenium.chrome.ChromeDriver
Command: [802a991b8beee15afc4d3aa566efa87f, getElementText {id=f4b37672-8aa7-4ccd-a4a8-a428d75d0488}]
Capabilities {acceptInsecureCerts: false, browserName: chrome, browserVersion: 96.0.4664.110, chrome: {chromedriverVersion: 96.0.4664.45 (76e4c1bb2ab46..., userDataDir: C:\Users\iampj\AppData\Loca...}, goog:chromeOptions: {debuggerAddress: localhost:63501}, javascriptEnabled: true, networkConnectionEnabled: false, pageLoadStrategy: normal, platform: WINDOWS, platformName: WINDOWS, proxy: Proxy(), se:cdp: ws://localhost:63501/devtoo..., se:cdpVersion: 96.0.4664.110, setWindowRect: true, strictFileInteractability: false, timeouts: {implicit: 0, pageLoad: 300000, script: 30000}, unhandledPromptBehavior: dismiss and notify, webauthn:extension:credBlob: true, webauthn:extension:largeBlob: true, webauthn:virtualAuthenticators: true}
Element: [[ChromeDriver: chrome on WINDOWS (802a991b8beee15afc4d3aa566efa87f)] -&amp;gt; xpath: //div[@class=&amp;apos;_4rR01T&amp;apos;]]
Session ID: 802a991b8beee15afc4d3aa566efa87f">
      <![CDATA[org.openqa.selenium.StaleElementReferenceException: stale element reference: element is not attached to the page document
  (Session info: chrome=96.0.4664.110)
For documentation on this error, please visit: https://selenium.dev/exceptions/#stale_element_reference
Build info: version: '4.0.0', revision: '3a21814679'
System info: host: 'LAPTOP-OCH8DF6O', ip: '192.168.43.236', os.name: 'Windows 10', os.arch: 'amd64', os.version: '10.0', java.version: '1.8.0_311'
Driver info: org.openqa.selenium.chrome.ChromeDriver
Command: [802a991b8beee15afc4d3aa566efa87f, getElementText {id=f4b37672-8aa7-4ccd-a4a8-a428d75d0488}]
Capabilities {acceptInsecureCerts: false, browserName: chrome, browserVersion: 96.0.4664.110, chrome: {chromedriverVersion: 96.0.4664.45 (76e4c1bb2ab46..., userDataDir: C:\Users\iampj\AppData\Loca...}, goog:chromeOptions: {debuggerAddress: localhost:63501}, javascriptEnabled: true, networkConnectionEnabled: false, pageLoadStrategy: normal, platform: WINDOWS, platformName: WINDOWS, proxy: Proxy(), se:cdp: ws://localhost:63501/devtoo..., se:cdpVersion: 96.0.4664.110, setWindowRect: true, strictFileInteractability: false, timeouts: {implicit: 0, pageLoad: 300000, script: 30000}, unhandledPromptBehavior: dismiss and notify, webauthn:extension:credBlob: true, webauthn:extension:largeBlob: true, webauthn:virtualAuthenticators: true}
Element: [[ChromeDriver: chrome on WINDOWS (802a991b8beee15afc4d3aa566efa87f)] -> xpath: //div[@class='_4rR01T']]
Session ID: 802a991b8beee15afc4d3aa566efa87f
at org.openqa.selenium.remote.codec.w3c.W3CHttpResponseCodec.createException(W3CHttpResponseCodec.java:200)
at org.openqa.selenium.remote.codec.w3c.W3CHttpResponseCodec.decode(W3CHttpResponseCodec.java:133)
at org.openqa.selenium.remote.codec.w3c.W3CHttpResponseCodec.decode(W3CHttpResponseCodec.java:53)
at org.openqa.selenium.remote.HttpCommandExecutor.execute(HttpCommandExecutor.java:184)
at org.openqa.selenium.remote.service.DriverCommandExecutor.invokeExecute(DriverCommandExecutor.java:164)
at org.openqa.selenium.remote.service.DriverCommandExecutor.execute(DriverCommandExecutor.java:139)
at org.openqa.selenium.remote.RemoteWebDriver.execute(RemoteWebDriver.java:559)
at org.openqa.selenium.remote.RemoteWebElement.execute(RemoteWebElement.java:251)
at org.openqa.selenium.remote.RemoteWebElement.getText(RemoteWebElement.java:201)
at com.qa.testscript.TC_FlipkartApplnSearch_003.FlipkartSearch(TC_FlipkartApplnSearch_003.java:59)
at java.util.ArrayList.forEach(Unknown Source)
... Removed 31 stack frames]]>
    </failure>
  </testcase> <!-- FlipkartSearch -->
  <testcase name="FlipkartSearch" time="164.805" classname="com.qa.testscript.TC_FlipkartApplnSearch_003">
    <failure type="java.nio.file.FileSystemException" message="D:\dharma\selenium software\New folder\ECLIPSE WORKPATH2020-06\FlipKart\Screenshots\FlipkartSearch.png: The process cannot access the file because it is being used by another process.
">
      <![CDATA[java.nio.file.FileSystemException: D:\dharma\selenium software\New folder\ECLIPSE WORKPATH2020-06\FlipKart\Screenshots\FlipkartSearch.png: The process cannot access the file because it is being used by another process.

at sun.nio.fs.WindowsException.translateToIOException(Unknown Source)
at sun.nio.fs.WindowsException.rethrowAsIOException(Unknown Source)
at sun.nio.fs.WindowsException.rethrowAsIOException(Unknown Source)
at sun.nio.fs.WindowsFileCopy.copy(Unknown Source)
at sun.nio.fs.WindowsFileSystemProvider.copy(Unknown Source)
at java.nio.file.Files.copy(Unknown Source)
at org.apache.commons.io.FileUtils.copyFile(FileUtils.java:850)
at org.apache.commons.io.FileUtils.copyFile(FileUtils.java:756)
at com.qa.testscript.TestBase.captureSS(TestBase.java:86)
at com.qa.testscript.TC_FlipkartApplnSearch_003.FlipkartSearch(TC_FlipkartApplnSearch_003.java:177)
at java.util.ArrayList.forEach(Unknown Source)
... Removed 27 stack frames]]>
    </failure>
  </testcase> <!-- FlipkartSearch -->
</testsuite> <!-- Test -->
