<!DOCTYPE html PUBLIC "-//W3C//DTD XHTML 1.1//EN" "https://www.w3.org/TR/xhtml11/DTD/xhtml11.dtd">
<html xmlns="https://www.w3.org/1999/xhtml">
<head>
<meta http-equiv="content-type" content="text/html; charset=UTF-8"/>
<title>TestNG Report</title>
<style type="text/css">table {margin-bottom:10px;border-collapse:collapse;empty-cells:show}th,td {border:1px solid #009;padding:.25em .5em}th {vertical-align:bottom}td {vertical-align:top}table a {font-weight:bold}.stripe td {background-color: #E6EBF9}.num {text-align:right}.passedodd td {background-color: #3F3}.passedeven td {background-color: #0A0}.skippedodd td {background-color: #DDD}.skippedeven td {background-color: #CCC}.failedodd td,.attn {background-color: #F33}.failedeven td,.stripe .attn {background-color: #D00}.stacktrace {white-space:pre;font-family:monospace}.totop {font-size:85%;text-align:center;border-bottom:2px solid #000}.invisible {display:none}</style>
</head>
<body>
<table>
<tr><th>Test</th><th># Passed</th><th># Skipped</th><th># Retried</th><th># Failed</th><th>Time (ms)</th><th>Included Groups</th><th>Excluded Groups</th></tr>
<tr><th colspan="8">Suite</th></tr>
<tr><td><a href="#t0">Test</a></td><td class="num">0</td><td class="num">0</td><td class="num">0</td><td class="num attn">2</td><td class="num">340,010</td><td></td><td></td></tr>
</table>
<table id='summary'><thead><tr><th>Class</th><th>Method</th><th>Start</th><th>Time (ms)</th></tr></thead><tbody><tr><th colspan="4">Suite</th></tr></tbody><tbody id="t0"><tr><th colspan="4">Test &#8212; failed</th></tr><tr class="failedeven"><td rowspan="2">com.qa.testscript.TC_FlipkartApplnSearch_003</td><td><a href="#m0">FlipkartSearch</a></td><td rowspan="2">1640331610451</td><td rowspan="2">164805</td></tr><tr class="failedeven"><td><a href="#m1">FlipkartSearch</a></td></tr></tbody>
</table>
<h2>Test</h2><h3 id="m0">com.qa.testscript.TC_FlipkartApplnSearch_003#FlipkartSearch</h3><table class="result"><tr class="param"><th>Parameter #1</th><th>Parameter #2</th><th>Parameter #3</th><th>Parameter #4</th></tr><tr class="param stripe"><td>earphones</td><td>500092</td><td>boAt Rockerz 255F Pro+ Bluetooth Headset</td><td>boAt Rockerz 255F Pro+ Bluetooth Headset</td></tr><tr><th colspan="4">Messages</th></tr><tr><td colspan="4"><div class="messages">The title is same as category<br/>All titles of size1: 0<br/>All titles of size2: 40<br/>U&I Web Series Wired Gaming Earphone with Adjustable Mi...<br/>Aroma NB119 Titanium - 48 Hours Playtime Bluetooth Neck...<br/>OnePlus Bullets Wireless Z Bass Edition Bluetooth Heads...<br/>Aroma NB120 Tehalka - 28 Hours Playtime Bluetooth Neckb...<br/>boAt Bassheads 103 Black Wired Headset<br/>boAt Rockerz 235v2 with ASAP charging Version 5.0 Bluet...<br/>OnePlus Bullets Wireless Z Bass Edition Bluetooth Heads...<br/>Aroma NB119 Rock - 40 Hours Playtime Bluetooth Neckband...<br/>realme Buds Wireless 2 Neo with Type-C Fast Charge & Ba...<br/>realme Buds Q2 Neo with Environment Noise Cancellation ...<br/>N2B MAGNET Red & k1 Pack of 2 Bluetooth Bluetooth Heads...<br/>Boult Audio ProBass Curve Neckband Bluetooth Headset<br/>boAt Rockerz 235v2 with ASAP charging Version 5.0 Bluet...<br/>Aroma NB119B Badshah - 40 Hours Playtime Bluetooth Neck...<br/>FD1 S_S L21 Wireless bluetooth headphone Waterproof Ste...<br/>Aroma NB119 Diamond - 50 Hours Playtime Bluetooth Neckb...<br/>boAt Airdopes 131 Bluetooth Headset<br/>boAt Rockerz 255F Pro+ Bluetooth Headset<br/>list contains the product name<br/>User is landed on product page<br/>Pincode is validated</div></td></tr><tr><th colspan="4">Exception</th></tr><tr><td colspan="4"><div class="stacktrace">java.nio.file.FileSystemException: D:\dharma\selenium software\New folder\ECLIPSE WORKPATH2020-06\FlipKart\Screenshots\FlipkartSearch.png: The process cannot access the file because it is being used by another process.

	at sun.nio.fs.WindowsException.translateToIOException(Unknown Source)
	at sun.nio.fs.WindowsException.rethrowAsIOException(Unknown Source)
	at sun.nio.fs.WindowsException.rethrowAsIOException(Unknown Source)
	at sun.nio.fs.WindowsFileCopy.copy(Unknown Source)
	at sun.nio.fs.WindowsFileSystemProvider.copy(Unknown Source)
	at java.nio.file.Files.copy(Unknown Source)
	at org.apache.commons.io.FileUtils.copyFile(FileUtils.java:850)
	at org.apache.commons.io.FileUtils.copyFile(FileUtils.java:756)
	at com.qa.testscript.TestBase.captureSS(TestBase.java:86)
	at com.qa.testscript.TC_FlipkartApplnSearch_003.FlipkartSearch(TC_FlipkartApplnSearch_003.java:177)
	at java.util.ArrayList.forEach(Unknown Source)
... Removed 27 stack frames</div></td></tr></table><p class="totop"><a href="#summary">back to summary</a></p>
<h3 id="m1">com.qa.testscript.TC_FlipkartApplnSearch_003#FlipkartSearch</h3><table class="result"><tr class="param"><th>Parameter #1</th><th>Parameter #2</th><th>Parameter #3</th><th>Parameter #4</th></tr><tr class="param stripe"><td>mobiles</td><td>500092</td><td>realme C25Y (Metal Grey, 64 GB)</td><td>realme C25Y ( 64 GB Storage, 4 GB RAM )</td></tr><tr><th colspan="4">Messages</th></tr><tr><td colspan="4"><div class="messages">The title is same as category<br/>All titles of size1: 24<br/>All titles of size2: 0<br/>realme C25Y (Glacier Blue, 64 GB)<br/>realme Narzo 50A (Oxygen Blue, 128 GB)<br/>realme 8i (Space Purple, 128 GB)<br/>GIONEE Max Pro (Red, 32 GB)<br/>realme 8i (Space Purple, 64 GB)<br/>realme 8i (Space Black, 128 GB)<br/>realme Narzo 50A (Oxygen Blue, 64 GB)<br/>realme Narzo 50A (Oxygen Green, 128 GB)<br/>realme Narzo 50A (Oxygen Green, 64 GB)<br/>realme 8i (Space Black, 64 GB)<br/>realme C25Y (Metal Grey, 64 GB)<br/>list contains the product name<br/>User is landed on product page<br/>Pincode is validated<br/>Product is added to cart Successfully</div></td></tr><tr><th colspan="4">Exception</th></tr><tr><td colspan="4"><div class="stacktrace">org.openqa.selenium.StaleElementReferenceException: stale element reference: element is not attached to the page document
  (Session info: chrome=96.0.4664.110)
For documentation on this error, please visit: https://selenium.dev/exceptions/#stale_element_reference
Build info: version: &apos;4.0.0&apos;, revision: &apos;3a21814679&apos;
System info: host: &apos;LAPTOP-OCH8DF6O&apos;, ip: &apos;192.168.43.236&apos;, os.name: &apos;Windows 10&apos;, os.arch: &apos;amd64&apos;, os.version: &apos;10.0&apos;, java.version: &apos;1.8.0_311&apos;
Driver info: org.openqa.selenium.chrome.ChromeDriver
Command: [802a991b8beee15afc4d3aa566efa87f, getElementText {id=f4b37672-8aa7-4ccd-a4a8-a428d75d0488}]
Capabilities {acceptInsecureCerts: false, browserName: chrome, browserVersion: 96.0.4664.110, chrome: {chromedriverVersion: 96.0.4664.45 (76e4c1bb2ab46..., userDataDir: C:\Users\iampj\AppData\Loca...}, goog:chromeOptions: {debuggerAddress: localhost:63501}, javascriptEnabled: true, networkConnectionEnabled: false, pageLoadStrategy: normal, platform: WINDOWS, platformName: WINDOWS, proxy: Proxy(), se:cdp: ws://localhost:63501/devtoo..., se:cdpVersion: 96.0.4664.110, setWindowRect: true, strictFileInteractability: false, timeouts: {implicit: 0, pageLoad: 300000, script: 30000}, unhandledPromptBehavior: dismiss and notify, webauthn:extension:credBlob: true, webauthn:extension:largeBlob: true, webauthn:virtualAuthenticators: true}
Element: [[ChromeDriver: chrome on WINDOWS (802a991b8beee15afc4d3aa566efa87f)] -&gt; xpath: //div[@class=&apos;_4rR01T&apos;]]
Session ID: 802a991b8beee15afc4d3aa566efa87f
	at org.openqa.selenium.remote.codec.w3c.W3CHttpResponseCodec.createException(W3CHttpResponseCodec.java:200)
	at org.openqa.selenium.remote.codec.w3c.W3CHttpResponseCodec.decode(W3CHttpResponseCodec.java:133)
	at org.openqa.selenium.remote.codec.w3c.W3CHttpResponseCodec.decode(W3CHttpResponseCodec.java:53)
	at org.openqa.selenium.remote.HttpCommandExecutor.execute(HttpCommandExecutor.java:184)
	at org.openqa.selenium.remote.service.DriverCommandExecutor.invokeExecute(DriverCommandExecutor.java:164)
	at org.openqa.selenium.remote.service.DriverCommandExecutor.execute(DriverCommandExecutor.java:139)
	at org.openqa.selenium.remote.RemoteWebDriver.execute(RemoteWebDriver.java:559)
	at org.openqa.selenium.remote.RemoteWebElement.execute(RemoteWebElement.java:251)
	at org.openqa.selenium.remote.RemoteWebElement.getText(RemoteWebElement.java:201)
	at com.qa.testscript.TC_FlipkartApplnSearch_003.FlipkartSearch(TC_FlipkartApplnSearch_003.java:59)
	at java.util.ArrayList.forEach(Unknown Source)
... Removed 31 stack frames</div></td></tr></table><p class="totop"><a href="#summary">back to summary</a></p>
</body>
</html>
