<?xml version="1.0" encoding="UTF-8"?>
<!-- Generated by org.testng.reporters.JUnitReportReporter -->
<testsuite skipped="0" hostname="LAPTOP-OCH8DF6O" name="com.qa.testscript.TC_FlipkartApplnSearch_003" tests="2" failures="0" timestamp="2021-12-24T13:12:58 IST" time="333.037" errors="2">
  <testcase name="FlipkartSearch" time="188.701" classname="com.qa.testscript.TC_FlipkartApplnSearch_003">
    <error type="java.nio.file.FileSystemException" message="D:\dharma\selenium software\New folder\ECLIPSE WORKPATH2020-06\FlipKart\Screenshots\FlipkartSearch.png: The process cannot access the file because it is being used by another process.
">
      <![CDATA[java.nio.file.FileSystemException: D:\dharma\selenium software\New folder\ECLIPSE WORKPATH2020-06\FlipKart\Screenshots\FlipkartSearch.png: The process cannot access the file because it is being used by another process.

at sun.nio.fs.WindowsException.translateToIOException(Unknown Source)
at sun.nio.fs.WindowsException.rethrowAsIOException(Unknown Source)
at sun.nio.fs.WindowsException.rethrowAsIOException(Unknown Source)
at sun.nio.fs.WindowsFileCopy.copy(Unknown Source)
at sun.nio.fs.WindowsFileSystemProvider.copy(Unknown Source)
at java.nio.file.Files.copy(Unknown Source)
at org.apache.commons.io.FileUtils.copyFile(FileUtils.java:850)
at org.apache.commons.io.FileUtils.copyFile(FileUtils.java:756)
at com.qa.testscript.TestBase.captureSS(TestBase.java:86)
at com.qa.testscript.TC_FlipkartApplnSearch_003.FlipkartSearch(TC_FlipkartApplnSearch_003.java:177)
at sun.reflect.NativeMethodAccessorImpl.invoke0(Native Method)
at sun.reflect.NativeMethodAccessorImpl.invoke(Unknown Source)
at sun.reflect.DelegatingMethodAccessorImpl.invoke(Unknown Source)
at java.lang.reflect.Method.invoke(Unknown Source)
at org.testng.internal.MethodInvocationHelper.invokeMethod(MethodInvocationHelper.java:133)
at org.testng.internal.TestInvoker.invokeMethod(TestInvoker.java:598)
at org.testng.internal.TestInvoker.invokeTestMethod(TestInvoker.java:173)
at org.testng.internal.MethodRunner.runInSequence(MethodRunner.java:46)
at org.testng.internal.TestInvoker$MethodInvocationAgent.invoke(TestInvoker.java:824)
at org.testng.internal.TestInvoker.invokeTestMethods(TestInvoker.java:146)
at org.testng.internal.TestMethodWorker.invokeTestMethods(TestMethodWorker.java:146)
at org.testng.internal.TestMethodWorker.run(TestMethodWorker.java:128)
at java.util.ArrayList.forEach(Unknown Source)
at org.testng.TestRunner.privateRun(TestRunner.java:794)
at org.testng.TestRunner.run(TestRunner.java:596)
at org.testng.SuiteRunner.runTest(SuiteRunner.java:377)
at org.testng.SuiteRunner.runSequentially(SuiteRunner.java:371)
at org.testng.SuiteRunner.privateRun(SuiteRunner.java:332)
at org.testng.SuiteRunner.run(SuiteRunner.java:276)
at org.testng.SuiteRunnerWorker.runSuite(SuiteRunnerWorker.java:53)
at org.testng.SuiteRunnerWorker.run(SuiteRunnerWorker.java:96)
at org.testng.TestNG.runSuitesSequentially(TestNG.java:1212)
at org.testng.TestNG.runSuitesLocally(TestNG.java:1134)
at org.testng.TestNG.runSuites(TestNG.java:1063)
at org.testng.TestNG.run(TestNG.java:1031)
at org.testng.remote.AbstractRemoteTestNG.run(AbstractRemoteTestNG.java:115)
at org.testng.remote.RemoteTestNG.initAndRun(RemoteTestNG.java:251)
at org.testng.remote.RemoteTestNG.main(RemoteTestNG.java:77)
]]>
    </error>
  </testcase> <!-- FlipkartSearch -->
  <system-out>
    <![CDATA[The title is same as category
All titles of size1: 0
All titles of size2: 40
U&I Web Series Wired Gaming Earphone with Adjustable Mi...
Aroma NB119 Titanium - 48 Hours Playtime Bluetooth Neck...
OnePlus Bullets Wireless Z Bass Edition Bluetooth Heads...
Aroma NB120 Tehalka - 28 Hours Playtime Bluetooth Neckb...
boAt Bassheads 103 Black Wired Headset
boAt Rockerz 235v2 with ASAP charging Version 5.0 Bluet...
OnePlus Bullets Wireless Z Bass Edition Bluetooth Heads...
Aroma NB119 Rock - 40 Hours Playtime Bluetooth Neckband...
realme Buds Wireless 2 Neo with Type-C Fast Charge & Ba...
realme Buds Q2 Neo with Environment Noise Cancellation ...
N2B MAGNET Red & k1 Pack of 2 Bluetooth Bluetooth Heads...
Boult Audio ProBass Curve Neckband Bluetooth Headset
boAt Rockerz 235v2 with ASAP charging Version 5.0 Bluet...
Aroma NB119B Badshah - 40 Hours Playtime Bluetooth Neck...
FD1 S_S L21 Wireless bluetooth headphone Waterproof Ste...
Aroma NB119 Diamond - 50 Hours Playtime Bluetooth Neckb...
boAt Airdopes 131 Bluetooth Headset
boAt Rockerz 255F Pro+ Bluetooth Headset
list contains the product name
User is landed on product page
Pincode is validated]]>
  </system-out>
  <testcase name="FlipkartSearch" time="144.336" classname="com.qa.testscript.TC_FlipkartApplnSearch_003">
    <error type="org.openqa.selenium.StaleElementReferenceException" message="stale element reference: element is not attached to the page document
  (Session info: chrome=96.0.4664.110)
For documentation on this error, please visit: https://selenium.dev/exceptions/#stale_element_reference
Build info: version: &#039;4.0.0&#039;, revision: &#039;3a21814679&#039;
System info: host: &#039;LAPTOP-OCH8DF6O&#039;, ip: &#039;192.168.43.236&#039;, os.name: &#039;Windows 10&#039;, os.arch: &#039;amd64&#039;, os.version: &#039;10.0&#039;, java.version: &#039;1.8.0_311&#039;
Driver info: org.openqa.selenium.chrome.ChromeDriver
Command: [802a991b8beee15afc4d3aa566efa87f, getElementText {id=f4b37672-8aa7-4ccd-a4a8-a428d75d0488}]
Capabilities {acceptInsecureCerts: false, browserName: chrome, browserVersion: 96.0.4664.110, chrome: {chromedriverVersion: 96.0.4664.45 (76e4c1bb2ab46..., userDataDir: C:\Users\iampj\AppData\Loca...}, goog:chromeOptions: {debuggerAddress: localhost:63501}, javascriptEnabled: true, networkConnectionEnabled: false, pageLoadStrategy: normal, platform: WINDOWS, platformName: WINDOWS, proxy: Proxy(), se:cdp: ws://localhost:63501/devtoo..., se:cdpVersion: 96.0.4664.110, setWindowRect: true, strictFileInteractability: false, timeouts: {implicit: 0, pageLoad: 300000, script: 30000}, unhandledPromptBehavior: dismiss and notify, webauthn:extension:credBlob: true, webauthn:extension:largeBlob: true, webauthn:virtualAuthenticators: true}
Element: [[ChromeDriver: chrome on WINDOWS (802a991b8beee15afc4d3aa566efa87f)] -&gt; xpath: //div[@class=&#039;_4rR01T&#039;]]
Session ID: 802a991b8beee15afc4d3aa566efa87f">
      <![CDATA[org.openqa.selenium.StaleElementReferenceException: stale element reference: element is not attached to the page document
  (Session info: chrome=96.0.4664.110)
For documentation on this error, please visit: https://selenium.dev/exceptions/#stale_element_reference
Build info: version: '4.0.0', revision: '3a21814679'
System info: host: 'LAPTOP-OCH8DF6O', ip: '192.168.43.236', os.name: 'Windows 10', os.arch: 'amd64', os.version: '10.0', java.version: '1.8.0_311'
Driver info: org.openqa.selenium.chrome.ChromeDriver
Command: [802a991b8beee15afc4d3aa566efa87f, getElementText {id=f4b37672-8aa7-4ccd-a4a8-a428d75d0488}]
Capabilities {acceptInsecureCerts: false, browserName: chrome, browserVersion: 96.0.4664.110, chrome: {chromedriverVersion: 96.0.4664.45 (76e4c1bb2ab46..., userDataDir: C:\Users\iampj\AppData\Loca...}, goog:chromeOptions: {debuggerAddress: localhost:63501}, javascriptEnabled: true, networkConnectionEnabled: false, pageLoadStrategy: normal, platform: WINDOWS, platformName: WINDOWS, proxy: Proxy(), se:cdp: ws://localhost:63501/devtoo..., se:cdpVersion: 96.0.4664.110, setWindowRect: true, strictFileInteractability: false, timeouts: {implicit: 0, pageLoad: 300000, script: 30000}, unhandledPromptBehavior: dismiss and notify, webauthn:extension:credBlob: true, webauthn:extension:largeBlob: true, webauthn:virtualAuthenticators: true}
Element: [[ChromeDriver: chrome on WINDOWS (802a991b8beee15afc4d3aa566efa87f)] -> xpath: //div[@class='_4rR01T']]
Session ID: 802a991b8beee15afc4d3aa566efa87f
at sun.reflect.NativeConstructorAccessorImpl.newInstance0(Native Method)
at sun.reflect.NativeConstructorAccessorImpl.newInstance(Unknown Source)
at sun.reflect.DelegatingConstructorAccessorImpl.newInstance(Unknown Source)
at java.lang.reflect.Constructor.newInstance(Unknown Source)
at org.openqa.selenium.remote.codec.w3c.W3CHttpResponseCodec.createException(W3CHttpResponseCodec.java:200)
at org.openqa.selenium.remote.codec.w3c.W3CHttpResponseCodec.decode(W3CHttpResponseCodec.java:133)
at org.openqa.selenium.remote.codec.w3c.W3CHttpResponseCodec.decode(W3CHttpResponseCodec.java:53)
at org.openqa.selenium.remote.HttpCommandExecutor.execute(HttpCommandExecutor.java:184)
at org.openqa.selenium.remote.service.DriverCommandExecutor.invokeExecute(DriverCommandExecutor.java:164)
at org.openqa.selenium.remote.service.DriverCommandExecutor.execute(DriverCommandExecutor.java:139)
at org.openqa.selenium.remote.RemoteWebDriver.execute(RemoteWebDriver.java:559)
at org.openqa.selenium.remote.RemoteWebElement.execute(RemoteWebElement.java:251)
at org.openqa.selenium.remote.RemoteWebElement.getText(RemoteWebElement.java:201)
at com.qa.testscript.TC_FlipkartApplnSearch_003.FlipkartSearch(TC_FlipkartApplnSearch_003.java:59)
at sun.reflect.NativeMethodAccessorImpl.invoke0(Native Method)
at sun.reflect.NativeMethodAccessorImpl.invoke(Unknown Source)
at sun.reflect.DelegatingMethodAccessorImpl.invoke(Unknown Source)
at java.lang.reflect.Method.invoke(Unknown Source)
at org.testng.internal.MethodInvocationHelper.invokeMethod(MethodInvocationHelper.java:133)
at org.testng.internal.TestInvoker.invokeMethod(TestInvoker.java:598)
at org.testng.internal.TestInvoker.invokeTestMethod(TestInvoker.java:173)
at org.testng.internal.MethodRunner.runInSequence(MethodRunner.java:46)
at org.testng.internal.TestInvoker$MethodInvocationAgent.invoke(TestInvoker.java:824)
at org.testng.internal.TestInvoker.invokeTestMethods(TestInvoker.java:146)
at org.testng.internal.TestMethodWorker.invokeTestMethods(TestMethodWorker.java:146)
at org.testng.internal.TestMethodWorker.run(TestMethodWorker.java:128)
at java.util.ArrayList.forEach(Unknown Source)
at org.testng.TestRunner.privateRun(TestRunner.java:794)
at org.testng.TestRunner.run(TestRunner.java:596)
at org.testng.SuiteRunner.runTest(SuiteRunner.java:377)
at org.testng.SuiteRunner.runSequentially(SuiteRunner.java:371)
at org.testng.SuiteRunner.privateRun(SuiteRunner.java:332)
at org.testng.SuiteRunner.run(SuiteRunner.java:276)
at org.testng.SuiteRunnerWorker.runSuite(SuiteRunnerWorker.java:53)
at org.testng.SuiteRunnerWorker.run(SuiteRunnerWorker.java:96)
at org.testng.TestNG.runSuitesSequentially(TestNG.java:1212)
at org.testng.TestNG.runSuitesLocally(TestNG.java:1134)
at org.testng.TestNG.runSuites(TestNG.java:1063)
at org.testng.TestNG.run(TestNG.java:1031)
at org.testng.remote.AbstractRemoteTestNG.run(AbstractRemoteTestNG.java:115)
at org.testng.remote.RemoteTestNG.initAndRun(RemoteTestNG.java:251)
at org.testng.remote.RemoteTestNG.main(RemoteTestNG.java:77)
]]>
    </error>
  </testcase> <!-- FlipkartSearch -->
  <system-out>
    <![CDATA[The title is same as category
All titles of size1: 24
All titles of size2: 0
realme C25Y (Glacier Blue, 64 GB)
realme Narzo 50A (Oxygen Blue, 128 GB)
realme 8i (Space Purple, 128 GB)
GIONEE Max Pro (Red, 32 GB)
realme 8i (Space Purple, 64 GB)
realme 8i (Space Black, 128 GB)
realme Narzo 50A (Oxygen Blue, 64 GB)
realme Narzo 50A (Oxygen Green, 128 GB)
realme Narzo 50A (Oxygen Green, 64 GB)
realme 8i (Space Black, 64 GB)
realme C25Y (Metal Grey, 64 GB)
list contains the product name
User is landed on product page
Pincode is validated
Product is added to cart Successfully]]>
  </system-out>
</testsuite> <!-- com.qa.testscript.TC_FlipkartApplnSearch_003 -->
